This is pdfTeX, Version 3.141592653-2.6-1.40.22 (TeX Live 2021/W32TeX) (preloaded format=pdflatex 2021.6.24)  18 SEP 2021 18:23
entering extended mode
 restricted \write18 enabled.
 %&-line parsing enabled.
**certification.tex
(./certification.tex
LaTeX2e <2020-10-01> patch level 4
L3 programming layer <2021-02-18>
(d:/texlive/2021/texmf-dist/tex/latex/base/article.cls
Document Class: article 2020/04/10 v1.4m Standard LaTeX document class
(d:/texlive/2021/texmf-dist/tex/latex/base/size10.clo
File: size10.clo 2020/04/10 v1.4m Standard LaTeX file (size option)
)
\c@part=\count179
\c@section=\count180
\c@subsection=\count181
\c@subsubsection=\count182
\c@paragraph=\count183
\c@subparagraph=\count184
\c@figure=\count185
\c@table=\count186
\abovecaptionskip=\skip47
\belowcaptionskip=\skip48
\bibindent=\dimen138
)
(d:/texlive/2021/texmf-dist/tex/latex/geometry/geometry.sty
Package: geometry 2020/01/02 v5.9 Page Geometry

(d:/texlive/2021/texmf-dist/tex/latex/graphics/keyval.sty
Package: keyval 2014/10/28 v1.15 key=value parser (DPC)
\KV@toks@=\toks15
)
(d:/texlive/2021/texmf-dist/tex/generic/iftex/ifvtex.sty
Package: ifvtex 2019/10/25 v1.7 ifvtex legacy package. Use iftex instead.

(d:/texlive/2021/texmf-dist/tex/generic/iftex/iftex.sty
Package: iftex 2020/03/06 v1.0d TeX engine tests
))
\Gm@cnth=\count187
\Gm@cntv=\count188
\c@Gm@tempcnt=\count189
\Gm@bindingoffset=\dimen139
\Gm@wd@mp=\dimen140
\Gm@odd@mp=\dimen141
\Gm@even@mp=\dimen142
\Gm@layoutwidth=\dimen143
\Gm@layoutheight=\dimen144
\Gm@layouthoffset=\dimen145
\Gm@layoutvoffset=\dimen146
\Gm@dimlist=\toks16
)
(d:/texlive/2021/texmf-dist/tex/latex/base/inputenc.sty
Package: inputenc 2020/08/01 v1.3d Input encoding file
\inpenc@prehook=\toks17
\inpenc@posthook=\toks18
)
(d:/texlive/2021/texmf-dist/tex/latex/base/fontenc.sty
Package: fontenc 2020/08/10 v2.0s Standard LaTeX package
)
(d:/texlive/2021/texmf-dist/tex/latex/psnfss/times.sty
Package: times 2020/03/25 PSNFSS-v9.3 (SPQR) 
)
(d:/texlive/2021/texmf-dist/tex/latex/pgfornament/pgfornament.sty
(d:/texlive/2021/texmf-dist/tex/latex/pgf/frontendlayer/tikz.sty
(d:/texlive/2021/texmf-dist/tex/latex/pgf/basiclayer/pgf.sty
(d:/texlive/2021/texmf-dist/tex/latex/pgf/utilities/pgfrcs.sty
(d:/texlive/2021/texmf-dist/tex/generic/pgf/utilities/pgfutil-common.tex
\pgfutil@everybye=\toks19
\pgfutil@tempdima=\dimen147
\pgfutil@tempdimb=\dimen148

(d:/texlive/2021/texmf-dist/tex/generic/pgf/utilities/pgfutil-common-lists.tex)
) (d:/texlive/2021/texmf-dist/tex/generic/pgf/utilities/pgfutil-latex.def
\pgfutil@abb=\box47
)
(d:/texlive/2021/texmf-dist/tex/generic/pgf/utilities/pgfrcs.code.tex
(d:/texlive/2021/texmf-dist/tex/generic/pgf/pgf.revision.tex)
Package: pgfrcs 2020/12/27 v3.1.8b (3.1.8b)
))
Package: pgf 2020/12/27 v3.1.8b (3.1.8b)

(d:/texlive/2021/texmf-dist/tex/latex/pgf/basiclayer/pgfcore.sty
(d:/texlive/2021/texmf-dist/tex/latex/graphics/graphicx.sty
Package: graphicx 2020/09/09 v1.2b Enhanced LaTeX Graphics (DPC,SPQR)

(d:/texlive/2021/texmf-dist/tex/latex/graphics/graphics.sty
Package: graphics 2020/08/30 v1.4c Standard LaTeX Graphics (DPC,SPQR)

(d:/texlive/2021/texmf-dist/tex/latex/graphics/trig.sty
Package: trig 2016/01/03 v1.10 sin cos tan (DPC)
)
(d:/texlive/2021/texmf-dist/tex/latex/graphics-cfg/graphics.cfg
File: graphics.cfg 2016/06/04 v1.11 sample graphics configuration
)
Package graphics Info: Driver file: pdftex.def on input line 105.

(d:/texlive/2021/texmf-dist/tex/latex/graphics-def/pdftex.def
File: pdftex.def 2020/10/05 v1.2a Graphics/color driver for pdftex
))
\Gin@req@height=\dimen149
\Gin@req@width=\dimen150
)
(d:/texlive/2021/texmf-dist/tex/latex/pgf/systemlayer/pgfsys.sty
(d:/texlive/2021/texmf-dist/tex/generic/pgf/systemlayer/pgfsys.code.tex
Package: pgfsys 2020/12/27 v3.1.8b (3.1.8b)

(d:/texlive/2021/texmf-dist/tex/generic/pgf/utilities/pgfkeys.code.tex
\pgfkeys@pathtoks=\toks20
\pgfkeys@temptoks=\toks21

(d:/texlive/2021/texmf-dist/tex/generic/pgf/utilities/pgfkeysfiltered.code.tex
\pgfkeys@tmptoks=\toks22
))
\pgf@x=\dimen151
\pgf@y=\dimen152
\pgf@xa=\dimen153
\pgf@ya=\dimen154
\pgf@xb=\dimen155
\pgf@yb=\dimen156
\pgf@xc=\dimen157
\pgf@yc=\dimen158
\pgf@xd=\dimen159
\pgf@yd=\dimen160
\w@pgf@writea=\write3
\r@pgf@reada=\read2
\c@pgf@counta=\count190
\c@pgf@countb=\count191
\c@pgf@countc=\count192
\c@pgf@countd=\count193
\t@pgf@toka=\toks23
\t@pgf@tokb=\toks24
\t@pgf@tokc=\toks25
\pgf@sys@id@count=\count194
 (d:/texlive/2021/texmf-dist/tex/generic/pgf/systemlayer/pgf.cfg
File: pgf.cfg 2020/12/27 v3.1.8b (3.1.8b)
)
Driver file for pgf: pgfsys-pdftex.def

(d:/texlive/2021/texmf-dist/tex/generic/pgf/systemlayer/pgfsys-pdftex.def
File: pgfsys-pdftex.def 2020/12/27 v3.1.8b (3.1.8b)

(d:/texlive/2021/texmf-dist/tex/generic/pgf/systemlayer/pgfsys-common-pdf.def
File: pgfsys-common-pdf.def 2020/12/27 v3.1.8b (3.1.8b)
)))
(d:/texlive/2021/texmf-dist/tex/generic/pgf/systemlayer/pgfsyssoftpath.code.tex
File: pgfsyssoftpath.code.tex 2020/12/27 v3.1.8b (3.1.8b)
\pgfsyssoftpath@smallbuffer@items=\count195
\pgfsyssoftpath@bigbuffer@items=\count196
)
(d:/texlive/2021/texmf-dist/tex/generic/pgf/systemlayer/pgfsysprotocol.code.tex
File: pgfsysprotocol.code.tex 2020/12/27 v3.1.8b (3.1.8b)
)) (d:/texlive/2021/texmf-dist/tex/latex/xcolor/xcolor.sty
Package: xcolor 2016/05/11 v2.12 LaTeX color extensions (UK)

(d:/texlive/2021/texmf-dist/tex/latex/graphics-cfg/color.cfg
File: color.cfg 2016/01/02 v1.6 sample color configuration
)
Package xcolor Info: Driver file: pdftex.def on input line 225.
Package xcolor Info: Model `cmy' substituted by `cmy0' on input line 1348.
Package xcolor Info: Model `hsb' substituted by `rgb' on input line 1352.
Package xcolor Info: Model `RGB' extended on input line 1364.
Package xcolor Info: Model `HTML' substituted by `rgb' on input line 1366.
Package xcolor Info: Model `Hsb' substituted by `hsb' on input line 1367.
Package xcolor Info: Model `tHsb' substituted by `hsb' on input line 1368.
Package xcolor Info: Model `HSB' substituted by `hsb' on input line 1369.
Package xcolor Info: Model `Gray' substituted by `gray' on input line 1370.
Package xcolor Info: Model `wave' substituted by `hsb' on input line 1371.

(d:/texlive/2021/texmf-dist/tex/latex/graphics/dvipsnam.def
File: dvipsnam.def 2016/06/17 v3.0m Driver-dependent file (DPC,SPQR)
)
(d:/texlive/2021/texmf-dist/tex/latex/xcolor/svgnam.def
File: svgnam.def 2016/05/11 v2.12 Predefined colors according to SVG 1.1 (UK)
))
(d:/texlive/2021/texmf-dist/tex/generic/pgf/basiclayer/pgfcore.code.tex
Package: pgfcore 2020/12/27 v3.1.8b (3.1.8b)

(d:/texlive/2021/texmf-dist/tex/generic/pgf/math/pgfmath.code.tex
(d:/texlive/2021/texmf-dist/tex/generic/pgf/math/pgfmathcalc.code.tex
(d:/texlive/2021/texmf-dist/tex/generic/pgf/math/pgfmathutil.code.tex)
(d:/texlive/2021/texmf-dist/tex/generic/pgf/math/pgfmathparser.code.tex
\pgfmath@dimen=\dimen161
\pgfmath@count=\count197
\pgfmath@box=\box48
\pgfmath@toks=\toks26
\pgfmath@stack@operand=\toks27
\pgfmath@stack@operation=\toks28
)
(d:/texlive/2021/texmf-dist/tex/generic/pgf/math/pgfmathfunctions.code.tex
(d:/texlive/2021/texmf-dist/tex/generic/pgf/math/pgfmathfunctions.basic.code.te
x)
(d:/texlive/2021/texmf-dist/tex/generic/pgf/math/pgfmathfunctions.trigonometric
.code.tex)
(d:/texlive/2021/texmf-dist/tex/generic/pgf/math/pgfmathfunctions.random.code.t
ex)
(d:/texlive/2021/texmf-dist/tex/generic/pgf/math/pgfmathfunctions.comparison.co
de.tex)
(d:/texlive/2021/texmf-dist/tex/generic/pgf/math/pgfmathfunctions.base.code.tex
)
(d:/texlive/2021/texmf-dist/tex/generic/pgf/math/pgfmathfunctions.round.code.te
x)
(d:/texlive/2021/texmf-dist/tex/generic/pgf/math/pgfmathfunctions.misc.code.tex
)
(d:/texlive/2021/texmf-dist/tex/generic/pgf/math/pgfmathfunctions.integerarithm
etics.code.tex)))
(d:/texlive/2021/texmf-dist/tex/generic/pgf/math/pgfmathfloat.code.tex
\c@pgfmathroundto@lastzeros=\count198
))
(d:/texlive/2021/texmf-dist/tex/generic/pgf/math/pgfint.code.tex)
(d:/texlive/2021/texmf-dist/tex/generic/pgf/basiclayer/pgfcorepoints.code.tex
File: pgfcorepoints.code.tex 2020/12/27 v3.1.8b (3.1.8b)
\pgf@picminx=\dimen162
\pgf@picmaxx=\dimen163
\pgf@picminy=\dimen164
\pgf@picmaxy=\dimen165
\pgf@pathminx=\dimen166
\pgf@pathmaxx=\dimen167
\pgf@pathminy=\dimen168
\pgf@pathmaxy=\dimen169
\pgf@xx=\dimen170
\pgf@xy=\dimen171
\pgf@yx=\dimen172
\pgf@yy=\dimen173
\pgf@zx=\dimen174
\pgf@zy=\dimen175
)
(d:/texlive/2021/texmf-dist/tex/generic/pgf/basiclayer/pgfcorepathconstruct.cod
e.tex
File: pgfcorepathconstruct.code.tex 2020/12/27 v3.1.8b (3.1.8b)
\pgf@path@lastx=\dimen176
\pgf@path@lasty=\dimen177
)
(d:/texlive/2021/texmf-dist/tex/generic/pgf/basiclayer/pgfcorepathusage.code.te
x
File: pgfcorepathusage.code.tex 2020/12/27 v3.1.8b (3.1.8b)
\pgf@shorten@end@additional=\dimen178
\pgf@shorten@start@additional=\dimen179
)
(d:/texlive/2021/texmf-dist/tex/generic/pgf/basiclayer/pgfcorescopes.code.tex
File: pgfcorescopes.code.tex 2020/12/27 v3.1.8b (3.1.8b)
\pgfpic=\box49
\pgf@hbox=\box50
\pgf@layerbox@main=\box51
\pgf@picture@serial@count=\count199
)
(d:/texlive/2021/texmf-dist/tex/generic/pgf/basiclayer/pgfcoregraphicstate.code
.tex
File: pgfcoregraphicstate.code.tex 2020/12/27 v3.1.8b (3.1.8b)
\pgflinewidth=\dimen180
)
(d:/texlive/2021/texmf-dist/tex/generic/pgf/basiclayer/pgfcoretransformations.c
ode.tex
File: pgfcoretransformations.code.tex 2020/12/27 v3.1.8b (3.1.8b)
\pgf@pt@x=\dimen181
\pgf@pt@y=\dimen182
\pgf@pt@temp=\dimen183
)
(d:/texlive/2021/texmf-dist/tex/generic/pgf/basiclayer/pgfcorequick.code.tex
File: pgfcorequick.code.tex 2020/12/27 v3.1.8b (3.1.8b)
)
(d:/texlive/2021/texmf-dist/tex/generic/pgf/basiclayer/pgfcoreobjects.code.tex
File: pgfcoreobjects.code.tex 2020/12/27 v3.1.8b (3.1.8b)
)
(d:/texlive/2021/texmf-dist/tex/generic/pgf/basiclayer/pgfcorepathprocessing.co
de.tex
File: pgfcorepathprocessing.code.tex 2020/12/27 v3.1.8b (3.1.8b)
)
(d:/texlive/2021/texmf-dist/tex/generic/pgf/basiclayer/pgfcorearrows.code.tex
File: pgfcorearrows.code.tex 2020/12/27 v3.1.8b (3.1.8b)
\pgfarrowsep=\dimen184
)
(d:/texlive/2021/texmf-dist/tex/generic/pgf/basiclayer/pgfcoreshade.code.tex
File: pgfcoreshade.code.tex 2020/12/27 v3.1.8b (3.1.8b)
\pgf@max=\dimen185
\pgf@sys@shading@range@num=\count266
\pgf@shadingcount=\count267
)
(d:/texlive/2021/texmf-dist/tex/generic/pgf/basiclayer/pgfcoreimage.code.tex
File: pgfcoreimage.code.tex 2020/12/27 v3.1.8b (3.1.8b)

(d:/texlive/2021/texmf-dist/tex/generic/pgf/basiclayer/pgfcoreexternal.code.tex
File: pgfcoreexternal.code.tex 2020/12/27 v3.1.8b (3.1.8b)
\pgfexternal@startupbox=\box52
))
(d:/texlive/2021/texmf-dist/tex/generic/pgf/basiclayer/pgfcorelayers.code.tex
File: pgfcorelayers.code.tex 2020/12/27 v3.1.8b (3.1.8b)
)
(d:/texlive/2021/texmf-dist/tex/generic/pgf/basiclayer/pgfcoretransparency.code
.tex
File: pgfcoretransparency.code.tex 2020/12/27 v3.1.8b (3.1.8b)
)
(d:/texlive/2021/texmf-dist/tex/generic/pgf/basiclayer/pgfcorepatterns.code.tex
File: pgfcorepatterns.code.tex 2020/12/27 v3.1.8b (3.1.8b)
) (d:/texlive/2021/texmf-dist/tex/generic/pgf/basiclayer/pgfcorerdf.code.tex
File: pgfcorerdf.code.tex 2020/12/27 v3.1.8b (3.1.8b)
))) (d:/texlive/2021/texmf-dist/tex/generic/pgf/modules/pgfmoduleshapes.code.te
x
File: pgfmoduleshapes.code.tex 2020/12/27 v3.1.8b (3.1.8b)
\pgfnodeparttextbox=\box53
)
(d:/texlive/2021/texmf-dist/tex/generic/pgf/modules/pgfmoduleplot.code.tex
File: pgfmoduleplot.code.tex 2020/12/27 v3.1.8b (3.1.8b)
)
(d:/texlive/2021/texmf-dist/tex/latex/pgf/compatibility/pgfcomp-version-0-65.st
y
Package: pgfcomp-version-0-65 2020/12/27 v3.1.8b (3.1.8b)
\pgf@nodesepstart=\dimen186
\pgf@nodesepend=\dimen187
)
(d:/texlive/2021/texmf-dist/tex/latex/pgf/compatibility/pgfcomp-version-1-18.st
y
Package: pgfcomp-version-1-18 2020/12/27 v3.1.8b (3.1.8b)
)) (d:/texlive/2021/texmf-dist/tex/latex/pgf/utilities/pgffor.sty
(d:/texlive/2021/texmf-dist/tex/latex/pgf/utilities/pgfkeys.sty
(d:/texlive/2021/texmf-dist/tex/generic/pgf/utilities/pgfkeys.code.tex))
(d:/texlive/2021/texmf-dist/tex/latex/pgf/math/pgfmath.sty
(d:/texlive/2021/texmf-dist/tex/generic/pgf/math/pgfmath.code.tex))
(d:/texlive/2021/texmf-dist/tex/generic/pgf/utilities/pgffor.code.tex
Package: pgffor 2020/12/27 v3.1.8b (3.1.8b)

(d:/texlive/2021/texmf-dist/tex/generic/pgf/math/pgfmath.code.tex)
\pgffor@iter=\dimen188
\pgffor@skip=\dimen189
\pgffor@stack=\toks29
\pgffor@toks=\toks30
))
(d:/texlive/2021/texmf-dist/tex/generic/pgf/frontendlayer/tikz/tikz.code.tex
Package: tikz 2020/12/27 v3.1.8b (3.1.8b)

(d:/texlive/2021/texmf-dist/tex/generic/pgf/libraries/pgflibraryplothandlers.co
de.tex
File: pgflibraryplothandlers.code.tex 2020/12/27 v3.1.8b (3.1.8b)
\pgf@plot@mark@count=\count268
\pgfplotmarksize=\dimen190
)
\tikz@lastx=\dimen191
\tikz@lasty=\dimen192
\tikz@lastxsaved=\dimen193
\tikz@lastysaved=\dimen194
\tikz@lastmovetox=\dimen195
\tikz@lastmovetoy=\dimen196
\tikzleveldistance=\dimen197
\tikzsiblingdistance=\dimen198
\tikz@figbox=\box54
\tikz@figbox@bg=\box55
\tikz@tempbox=\box56
\tikz@tempbox@bg=\box57
\tikztreelevel=\count269
\tikznumberofchildren=\count270
\tikznumberofcurrentchild=\count271
\tikz@fig@count=\count272

(d:/texlive/2021/texmf-dist/tex/generic/pgf/modules/pgfmodulematrix.code.tex
File: pgfmodulematrix.code.tex 2020/12/27 v3.1.8b (3.1.8b)
\pgfmatrixcurrentrow=\count273
\pgfmatrixcurrentcolumn=\count274
\pgf@matrix@numberofcolumns=\count275
)
\tikz@expandcount=\count276

(d:/texlive/2021/texmf-dist/tex/generic/pgf/frontendlayer/tikz/libraries/tikzli
brarytopaths.code.tex
File: tikzlibrarytopaths.code.tex 2020/12/27 v3.1.8b (3.1.8b)
)))
(d:/texlive/2021/texmf-dist/tex/latex/pgfopts/pgfopts.sty
Package: pgfopts 2014/07/10 v2.1a LaTeX package options with pgfkeys
\pgfopts@list@add@a@toks=\toks31
\pgfopts@list@add@b@toks=\toks32
)
Package: pgfornament 2020/05/26 v1.2 vector ornaments

(d:/texlive/2021/texmf-dist/tex/latex/pgfornament/pgflibraryvectorian.code.tex
2020/04/06 1.1 pgflibraryvectorian.code.tex
))
(d:/texlive/2021/texmf-dist/tex/generic/pgf/frontendlayer/tikz/libraries/tikzli
braryshapes.geometric.code.tex
File: tikzlibraryshapes.geometric.code.tex 2020/12/27 v3.1.8b (3.1.8b)

(d:/texlive/2021/texmf-dist/tex/generic/pgf/libraries/shapes/pgflibraryshapes.g
eometric.code.tex
File: pgflibraryshapes.geometric.code.tex 2020/12/27 v3.1.8b (3.1.8b)
))
(d:/texlive/2021/texmf-dist/tex/generic/pgf/frontendlayer/tikz/libraries/tikzli
brarycalc.code.tex
File: tikzlibrarycalc.code.tex 2020/12/27 v3.1.8b (3.1.8b)
)
(d:/texlive/2021/texmf-dist/tex/latex/everypage/everypage.sty
Package: everypage 2020/10/17 R2.0b Hooks to run on every page


Package everypage Warning: Functionality similar to this package has recently
(everypage)                been implemented in LaTeX. This package is now in
(everypage)                legacy status.
(everypage)                Please, don't use it in new documents and packages.


Package everypage Warning: You appear to be running a version of LaTeX
(everypage)                providing the new functionality.
(everypage)                Doing the best to deliver the original `everypage`
(everypage)                interface on top of it. Strict equivalence is
(everypage)                not possible, breakage may occur.
(everypage)                If truly needed, Use `everypage-1x` to force the
(everypage)                loading of an older code base.

) (d:/texlive/2021/texmf-dist/tex/latex/fancyhdr/fancyhdr.sty
Package: fancyhdr 2021/01/28 v4.0.1 Extensive control of page headers and foote
rs
\f@nch@headwidth=\skip49
\f@nch@O@elh=\skip50
\f@nch@O@erh=\skip51
\f@nch@O@olh=\skip52
\f@nch@O@orh=\skip53
\f@nch@O@elf=\skip54
\f@nch@O@erf=\skip55
\f@nch@O@olf=\skip56
\f@nch@O@orf=\skip57
)
(./csvsimple-l3.sty
Package: csvsimple-l3 2021/09/09 v2.2.0 LaTeX3 CSV file processing
\g__csvsim_col_int=\count277
\g__csvsim_colmax_int=\count278
\g_csvsim_inputline_int=\count279
\g_csvsim_row_int=\count280
\g_csvsim_columncount_int=\count281

LaTeX3 Info: Defining command \csvloop with sig. '+m' on line 384.


LaTeX3 Info: Defining command \csvreader with sig. '+O{}mm+m' on line 392.


LaTeX3 Info: Defining command \csvlinetotablerow with sig. '' on line 414.


LaTeX3 Info: Defining command \thecsvrow with sig. '' on line 420.


LaTeX3 Info: Defining command \thecsvcolumncount with sig. '' on line 426.


LaTeX3 Info: Defining command \thecsvinputline with sig. '' on line 432.


LaTeX3 Info: Defining command \ifcsvfirstrow with sig. '' on line 438.


LaTeX3 Info: Defining command \csviffirstrow with sig. '' on line 444.


LaTeX3 Info: Defining command \ifcsvoddrow with sig. '' on line 450.


LaTeX3 Info: Defining command \csvifoddrow with sig. '' on line 456.


LaTeX3 Info: Defining command \ifcsvstrcmp with sig. 'mm' on line 462.


LaTeX3 Info: Defining command \ifcsvnotstrcmp with sig. 'mm+m+m' on line 468.


LaTeX3 Info: Defining command \ifcsvstrequal with sig. 'mm' on line 476.


LaTeX3 Info: Defining command \ifcsvprostrequal with sig. 'mm' on line 484.


LaTeX3 Info: Defining command \ifcsvfpcmp with sig. 'm' on line 490.


LaTeX3 Info: Defining command \ifcsvintcmp with sig. 'm' on line 496.


LaTeX3 Info: Defining command \csvset with sig. '+m' on line 549.


LaTeX3 Info: Defining command \csvstyle with sig. 'm+m' on line 558.


LaTeX3 Info: Defining command \csvnames with sig. 'mm' on line 567.


LaTeX3 Info: Defining command \csvfilteraccept with sig. '' on line 673.


LaTeX3 Info: Defining command \csvfilterreject with sig. '' on line 682.


LaTeX3 Info: Defining command \csvfilterbool with sig. 'mm' on line 734.


LaTeX3 Info: Defining command \csvcollectn with sig. '+m' on line 922.


LaTeX3 Info: Defining command \csvcollectx with sig. '+m' on line 928.


LaTeX3 Info: Defining command \csvcollectV with sig. 'm' on line 934.


LaTeX3 Info: Defining command \csvautotabular with sig. 's+O{}m' on line 1270.


LaTeX3 Info: Defining command \csvautolongtable with sig. 's+O{}m' on line
(LaTeX3)     1283.


LaTeX3 Info: Defining command \csvautobooktabular with sig. 's+O{}m' on line
(LaTeX3)     1296.


LaTeX3 Info: Defining command \csvautobooklongtable with sig. 's+O{}m' on line
(LaTeX3)     1309.


LaTeX3 Info: Defining command \csvsortingrule with sig. '' on line 1327.

)
LaTeX Font Info:    Trying to load font information for T1+ptm on input line 75
.
 (d:/texlive/2021/texmf-dist/tex/latex/psnfss/t1ptm.fd
File: t1ptm.fd 2001/06/04 font definitions for T1/ptm.
)
(d:/texlive/2021/texmf-dist/tex/latex/l3backend/l3backend-pdftex.def
File: l3backend-pdftex.def 2021-03-18 L3 backend support: PDF output (pdfTeX)
\l__color_backend_stack_int=\count282
\l__pdf_internal_box=\box58
)
(./certification.aux)
\openout1 = `certification.aux'.

LaTeX Font Info:    Checking defaults for OML/cmm/m/it on input line 75.
LaTeX Font Info:    ... okay on input line 75.
LaTeX Font Info:    Checking defaults for OMS/cmsy/m/n on input line 75.
LaTeX Font Info:    ... okay on input line 75.
LaTeX Font Info:    Checking defaults for OT1/cmr/m/n on input line 75.
LaTeX Font Info:    ... okay on input line 75.
LaTeX Font Info:    Checking defaults for T1/cmr/m/n on input line 75.
LaTeX Font Info:    ... okay on input line 75.
LaTeX Font Info:    Checking defaults for TS1/cmr/m/n on input line 75.
LaTeX Font Info:    ... okay on input line 75.
LaTeX Font Info:    Checking defaults for OMX/cmex/m/n on input line 75.
LaTeX Font Info:    ... okay on input line 75.
LaTeX Font Info:    Checking defaults for U/cmr/m/n on input line 75.
LaTeX Font Info:    ... okay on input line 75.

*geometry* driver: auto-detecting
*geometry* detected driver: pdftex
*geometry* verbose mode - [ preamble ] result:
* driver: pdftex
* paper: <default>
* layout: <same size as paper>
* layoutoffset:(h,v)=(0.0pt,0.0pt)
* modes: landscape 
* h-part:(L,W,R)=(144.54pt, 505.89pt, 144.54pt)
* v-part:(T,H,B)=(158.99377pt, 310.76123pt, 144.54pt)
* \paperwidth=794.96999pt
* \paperheight=614.295pt
* \textwidth=505.89pt
* \textheight=310.76123pt
* \oddsidemargin=72.27pt
* \evensidemargin=72.27pt
* \topmargin=49.72379pt
* \headheight=12.0pt
* \headsep=25.0pt
* \topskip=10.0pt
* \footskip=30.0pt
* \marginparwidth=65.0pt
* \marginparsep=11.0pt
* \columnsep=10.0pt
* \skip\footins=9.0pt plus 4.0pt minus 2.0pt
* \hoffset=0.0pt
* \voffset=0.0pt
* \mag=1000
* \@twocolumnfalse
* \@twosidefalse
* \@mparswitchfalse
* \@reversemarginfalse
* (1in=72.27pt=25.4mm, 1cm=28.453pt)

(d:/texlive/2021/texmf-dist/tex/context/base/mkii/supp-pdf.mkii
[Loading MPS to PDF converter (version 2006.09.02).]
\scratchcounter=\count283
\scratchdimen=\dimen199
\scratchbox=\box59
\nofMPsegments=\count284
\nofMParguments=\count285
\everyMPshowfont=\toks33
\MPscratchCnt=\count286
\MPscratchDim=\dimen256
\MPnumerator=\count287
\makeMPintoPDFobject=\count288
\everyMPtoPDFconversion=\toks34
) (d:/texlive/2021/texmf-dist/tex/latex/epstopdf-pkg/epstopdf-base.sty
Package: epstopdf-base 2020-01-24 v2.11 Base part for package epstopdf
Package epstopdf-base Info: Redefining graphics rule for `.eps' on input line 4
85.

(d:/texlive/2021/texmf-dist/tex/latex/latexconfig/epstopdf-sys.cfg
File: epstopdf-sys.cfg 2010/07/13 v1.3 Configuration of (r)epstopdf for TeX Liv
e
))
LaTeX Font Info:    External font `cmex10' loaded for size
(Font)              <12> on input line 85.
LaTeX Font Info:    External font `cmex10' loaded for size
(Font)              <8> on input line 85.
LaTeX Font Info:    External font `cmex10' loaded for size
(Font)              <6> on input line 85.

(d:/texlive/2021/texmf-dist/tex/generic/pgfornament/vectorian/vectorian63.pgf)
(d:/texlive/2021/texmf-dist/tex/generic/pgfornament/vectorian/vectorian63.pgf)
(d:/texlive/2021/texmf-dist/tex/generic/pgfornament/vectorian/vectorian63.pgf)
(d:/texlive/2021/texmf-dist/tex/generic/pgfornament/vectorian/vectorian63.pgf)
(d:/texlive/2021/texmf-dist/tex/generic/pgfornament/vectorian/vectorian88.pgf)
(d:/texlive/2021/texmf-dist/tex/generic/pgfornament/vectorian/vectorian88.pgf)
(d:/texlive/2021/texmf-dist/tex/generic/pgfornament/vectorian/vectorian88.pgf)
(d:/texlive/2021/texmf-dist/tex/generic/pgfornament/vectorian/vectorian88.pgf)
(d:/texlive/2021/texmf-dist/tex/generic/pgfornament/vectorian/vectorian88.pgf)
(d:/texlive/2021/texmf-dist/tex/generic/pgfornament/vectorian/vectorian88.pgf)
(d:/texlive/2021/texmf-dist/tex/generic/pgfornament/vectorian/vectorian88.pgf)
(d:/texlive/2021/texmf-dist/tex/generic/pgfornament/vectorian/vectorian88.pgf)
(d:/texlive/2021/texmf-dist/tex/generic/pgfornament/vectorian/vectorian88.pgf)
(d:/texlive/2021/texmf-dist/tex/generic/pgfornament/vectorian/vectorian8.pgf)
(d:/texlive/2021/texmf-dist/tex/generic/pgfornament/vectorian/vectorian68.pgf)
(d:/texlive/2021/texmf-dist/tex/generic/pgfornament/vectorian/vectorian87.pgf)
(d:/texlive/2021/texmf-dist/tex/generic/pgfornament/vectorian/vectorian87.pgf)
(d:/texlive/2021/texmf-dist/tex/generic/pgfornament/vectorian/vectorian77.pgf)
(d:/texlive/2021/texmf-dist/tex/generic/pgfornament/vectorian/vectorian78.pgf)
<xiaoxun.jpg, id=4, 803.0pt x 434.62375pt>
File: xiaoxun.jpg Graphic file (type jpg)
<use xiaoxun.jpg>
Package pdftex.def Info: xiaoxun.jpg  used on input line 94.
(pdftex.def)             Requested size: 375.80377pt x 203.41104pt.

[1

{d:/texlive/2021/texmf-var/fonts/map/pdftex/updmap/pdftex.map} <./xiaoxun.jpg>]

(d:/texlive/2021/texmf-dist/tex/generic/pgfornament/vectorian/vectorian63.pgf)
(d:/texlive/2021/texmf-dist/tex/generic/pgfornament/vectorian/vectorian63.pgf)
(d:/texlive/2021/texmf-dist/tex/generic/pgfornament/vectorian/vectorian63.pgf)
(d:/texlive/2021/texmf-dist/tex/generic/pgfornament/vectorian/vectorian63.pgf)
(d:/texlive/2021/texmf-dist/tex/generic/pgfornament/vectorian/vectorian88.pgf)
(d:/texlive/2021/texmf-dist/tex/generic/pgfornament/vectorian/vectorian88.pgf)
(d:/texlive/2021/texmf-dist/tex/generic/pgfornament/vectorian/vectorian88.pgf)
(d:/texlive/2021/texmf-dist/tex/generic/pgfornament/vectorian/vectorian88.pgf)
(d:/texlive/2021/texmf-dist/tex/generic/pgfornament/vectorian/vectorian88.pgf)
(d:/texlive/2021/texmf-dist/tex/generic/pgfornament/vectorian/vectorian88.pgf)
(d:/texlive/2021/texmf-dist/tex/generic/pgfornament/vectorian/vectorian88.pgf)
(d:/texlive/2021/texmf-dist/tex/generic/pgfornament/vectorian/vectorian88.pgf)
(d:/texlive/2021/texmf-dist/tex/generic/pgfornament/vectorian/vectorian88.pgf)
(d:/texlive/2021/texmf-dist/tex/generic/pgfornament/vectorian/vectorian8.pgf)
(d:/texlive/2021/texmf-dist/tex/generic/pgfornament/vectorian/vectorian68.pgf)
(d:/texlive/2021/texmf-dist/tex/generic/pgfornament/vectorian/vectorian87.pgf)
(d:/texlive/2021/texmf-dist/tex/generic/pgfornament/vectorian/vectorian87.pgf)
(d:/texlive/2021/texmf-dist/tex/generic/pgfornament/vectorian/vectorian77.pgf)
(d:/texlive/2021/texmf-dist/tex/generic/pgfornament/vectorian/vectorian78.pgf)
File: xiaoxun.jpg Graphic file (type jpg)
<use xiaoxun.jpg>
Package pdftex.def Info: xiaoxun.jpg  used on input line 123.
(pdftex.def)             Requested size: 375.80377pt x 203.41104pt.

[2]
(d:/texlive/2021/texmf-dist/tex/generic/pgfornament/vectorian/vectorian63.pgf)
(d:/texlive/2021/texmf-dist/tex/generic/pgfornament/vectorian/vectorian63.pgf)
(d:/texlive/2021/texmf-dist/tex/generic/pgfornament/vectorian/vectorian63.pgf)
(d:/texlive/2021/texmf-dist/tex/generic/pgfornament/vectorian/vectorian63.pgf)
(d:/texlive/2021/texmf-dist/tex/generic/pgfornament/vectorian/vectorian88.pgf)
(d:/texlive/2021/texmf-dist/tex/generic/pgfornament/vectorian/vectorian88.pgf)
(d:/texlive/2021/texmf-dist/tex/generic/pgfornament/vectorian/vectorian88.pgf)
(d:/texlive/2021/texmf-dist/tex/generic/pgfornament/vectorian/vectorian88.pgf)
(d:/texlive/2021/texmf-dist/tex/generic/pgfornament/vectorian/vectorian88.pgf)
(d:/texlive/2021/texmf-dist/tex/generic/pgfornament/vectorian/vectorian88.pgf)
(d:/texlive/2021/texmf-dist/tex/generic/pgfornament/vectorian/vectorian88.pgf)
(d:/texlive/2021/texmf-dist/tex/generic/pgfornament/vectorian/vectorian88.pgf)
(d:/texlive/2021/texmf-dist/tex/generic/pgfornament/vectorian/vectorian88.pgf)
(d:/texlive/2021/texmf-dist/tex/generic/pgfornament/vectorian/vectorian8.pgf)
(d:/texlive/2021/texmf-dist/tex/generic/pgfornament/vectorian/vectorian68.pgf)
(d:/texlive/2021/texmf-dist/tex/generic/pgfornament/vectorian/vectorian87.pgf)
(d:/texlive/2021/texmf-dist/tex/generic/pgfornament/vectorian/vectorian87.pgf)
(d:/texlive/2021/texmf-dist/tex/generic/pgfornament/vectorian/vectorian77.pgf)
(d:/texlive/2021/texmf-dist/tex/generic/pgfornament/vectorian/vectorian78.pgf)
File: xiaoxun.jpg Graphic file (type jpg)
<use xiaoxun.jpg>
Package pdftex.def Info: xiaoxun.jpg  used on input line 123.
(pdftex.def)             Requested size: 375.80377pt x 203.41104pt.

[3]
(d:/texlive/2021/texmf-dist/tex/generic/pgfornament/vectorian/vectorian63.pgf)
(d:/texlive/2021/texmf-dist/tex/generic/pgfornament/vectorian/vectorian63.pgf)
(d:/texlive/2021/texmf-dist/tex/generic/pgfornament/vectorian/vectorian63.pgf)
(d:/texlive/2021/texmf-dist/tex/generic/pgfornament/vectorian/vectorian63.pgf)
(d:/texlive/2021/texmf-dist/tex/generic/pgfornament/vectorian/vectorian88.pgf)
(d:/texlive/2021/texmf-dist/tex/generic/pgfornament/vectorian/vectorian88.pgf)
(d:/texlive/2021/texmf-dist/tex/generic/pgfornament/vectorian/vectorian88.pgf)
(d:/texlive/2021/texmf-dist/tex/generic/pgfornament/vectorian/vectorian88.pgf)
(d:/texlive/2021/texmf-dist/tex/generic/pgfornament/vectorian/vectorian88.pgf)
(d:/texlive/2021/texmf-dist/tex/generic/pgfornament/vectorian/vectorian88.pgf)
(d:/texlive/2021/texmf-dist/tex/generic/pgfornament/vectorian/vectorian88.pgf)
(d:/texlive/2021/texmf-dist/tex/generic/pgfornament/vectorian/vectorian88.pgf)
(d:/texlive/2021/texmf-dist/tex/generic/pgfornament/vectorian/vectorian88.pgf)
(d:/texlive/2021/texmf-dist/tex/generic/pgfornament/vectorian/vectorian8.pgf)
(d:/texlive/2021/texmf-dist/tex/generic/pgfornament/vectorian/vectorian68.pgf)
(d:/texlive/2021/texmf-dist/tex/generic/pgfornament/vectorian/vectorian87.pgf)
(d:/texlive/2021/texmf-dist/tex/generic/pgfornament/vectorian/vectorian87.pgf)
(d:/texlive/2021/texmf-dist/tex/generic/pgfornament/vectorian/vectorian77.pgf)
(d:/texlive/2021/texmf-dist/tex/generic/pgfornament/vectorian/vectorian78.pgf)
File: xiaoxun.jpg Graphic file (type jpg)
<use xiaoxun.jpg>
Package pdftex.def Info: xiaoxun.jpg  used on input line 123.
(pdftex.def)             Requested size: 375.80377pt x 203.41104pt.

[4]
(d:/texlive/2021/texmf-dist/tex/generic/pgfornament/vectorian/vectorian63.pgf)
(d:/texlive/2021/texmf-dist/tex/generic/pgfornament/vectorian/vectorian63.pgf)
(d:/texlive/2021/texmf-dist/tex/generic/pgfornament/vectorian/vectorian63.pgf)
(d:/texlive/2021/texmf-dist/tex/generic/pgfornament/vectorian/vectorian63.pgf)
(d:/texlive/2021/texmf-dist/tex/generic/pgfornament/vectorian/vectorian88.pgf)
(d:/texlive/2021/texmf-dist/tex/generic/pgfornament/vectorian/vectorian88.pgf)
(d:/texlive/2021/texmf-dist/tex/generic/pgfornament/vectorian/vectorian88.pgf)
(d:/texlive/2021/texmf-dist/tex/generic/pgfornament/vectorian/vectorian88.pgf)
(d:/texlive/2021/texmf-dist/tex/generic/pgfornament/vectorian/vectorian88.pgf)
(d:/texlive/2021/texmf-dist/tex/generic/pgfornament/vectorian/vectorian88.pgf)
(d:/texlive/2021/texmf-dist/tex/generic/pgfornament/vectorian/vectorian88.pgf)
(d:/texlive/2021/texmf-dist/tex/generic/pgfornament/vectorian/vectorian88.pgf)
(d:/texlive/2021/texmf-dist/tex/generic/pgfornament/vectorian/vectorian88.pgf)
(d:/texlive/2021/texmf-dist/tex/generic/pgfornament/vectorian/vectorian8.pgf)
(d:/texlive/2021/texmf-dist/tex/generic/pgfornament/vectorian/vectorian68.pgf)
(d:/texlive/2021/texmf-dist/tex/generic/pgfornament/vectorian/vectorian87.pgf)
(d:/texlive/2021/texmf-dist/tex/generic/pgfornament/vectorian/vectorian87.pgf)
(d:/texlive/2021/texmf-dist/tex/generic/pgfornament/vectorian/vectorian77.pgf)
(d:/texlive/2021/texmf-dist/tex/generic/pgfornament/vectorian/vectorian78.pgf)
File: xiaoxun.jpg Graphic file (type jpg)
<use xiaoxun.jpg>
Package pdftex.def Info: xiaoxun.jpg  used on input line 123.
(pdftex.def)             Requested size: 375.80377pt x 203.41104pt.

[5]
(d:/texlive/2021/texmf-dist/tex/generic/pgfornament/vectorian/vectorian63.pgf)
(d:/texlive/2021/texmf-dist/tex/generic/pgfornament/vectorian/vectorian63.pgf)
(d:/texlive/2021/texmf-dist/tex/generic/pgfornament/vectorian/vectorian63.pgf)
(d:/texlive/2021/texmf-dist/tex/generic/pgfornament/vectorian/vectorian63.pgf)
(d:/texlive/2021/texmf-dist/tex/generic/pgfornament/vectorian/vectorian88.pgf)
(d:/texlive/2021/texmf-dist/tex/generic/pgfornament/vectorian/vectorian88.pgf)
(d:/texlive/2021/texmf-dist/tex/generic/pgfornament/vectorian/vectorian88.pgf)
(d:/texlive/2021/texmf-dist/tex/generic/pgfornament/vectorian/vectorian88.pgf)
(d:/texlive/2021/texmf-dist/tex/generic/pgfornament/vectorian/vectorian88.pgf)
(d:/texlive/2021/texmf-dist/tex/generic/pgfornament/vectorian/vectorian88.pgf)
(d:/texlive/2021/texmf-dist/tex/generic/pgfornament/vectorian/vectorian88.pgf)
(d:/texlive/2021/texmf-dist/tex/generic/pgfornament/vectorian/vectorian88.pgf)
(d:/texlive/2021/texmf-dist/tex/generic/pgfornament/vectorian/vectorian88.pgf)
(d:/texlive/2021/texmf-dist/tex/generic/pgfornament/vectorian/vectorian8.pgf)
(d:/texlive/2021/texmf-dist/tex/generic/pgfornament/vectorian/vectorian68.pgf)
(d:/texlive/2021/texmf-dist/tex/generic/pgfornament/vectorian/vectorian87.pgf)
(d:/texlive/2021/texmf-dist/tex/generic/pgfornament/vectorian/vectorian87.pgf)
(d:/texlive/2021/texmf-dist/tex/generic/pgfornament/vectorian/vectorian77.pgf)
(d:/texlive/2021/texmf-dist/tex/generic/pgfornament/vectorian/vectorian78.pgf)
File: xiaoxun.jpg Graphic file (type jpg)
<use xiaoxun.jpg>
Package pdftex.def Info: xiaoxun.jpg  used on input line 123.
(pdftex.def)             Requested size: 375.80377pt x 203.41104pt.

[6] (./certification.aux) ) 
Here is how much of TeX's memory you used:
 14390 strings out of 478994
 307268 string characters out of 5862207
 1068439 words of memory out of 5000000
 31393 multiletter control sequences out of 15000+600000
 418464 words of font info for 45 fonts, out of 8000000 for 9000
 1141 hyphenation exceptions out of 8191
 128i,12n,130p,496b,900s stack positions out of 5000i,500n,10000p,200000b,80000s
{d:/texlive/2021/texmf-dist/fonts/enc/dvips/base/8r.
enc}<d:/texlive/2021/texmf-dist/fonts/type1/urw/times/utmb8a.pfb><d:/texlive/20
21/texmf-dist/fonts/type1/urw/times/utmr8a.pfb>
Output written on certification.pdf (6 pages, 825678 bytes).
PDF statistics:
 36 PDF objects out of 1000 (max. 8388607)
 24 compressed objects within 1 object stream
 0 named destinations out of 1000 (max. 500000)
 18 words of extra memory for PDF output out of 10000 (max. 10000000)

